outputs/logs/manifest-merger-debug-report.txt
-- Merging decision tree log ---
manifest
ADDED from src\main\AndroidManifest.xml:2:1-51:12
INJECTED from src\main\AndroidManifest.xml:2:1-51:12
INJECTED from src\main\AndroidManifest.xml:2:1-51:12
INJECTED from src\main\AndroidManifest.xml:2:1-51:12
MERGED from [androidx.databinding:viewbinding:8.0.1] AndroidManifest.xml:2:1-7:12
MERGED from [androidx.navigation:navigation-ui-ktx:2.5.3] AndroidManifest.xml:17:1-24:12
MERGED from [androidx.navigation:navigation-ui:2.5.3] AndroidManifest.xml:17:1-24:12
MERGED from [com.google.android.material:material:1.5.0] AndroidManifest.xml:17:1-24:12
MERGED from [androidx.constraintlayout:constraintlayout:2.1.4] AndroidManifest.xml:2:1-11:12
MERGED from [androidx.appcompat:appcompat-resources:1.6.1] AndroidManifest.xml:17:1-22:12
MERGED from [androidx.appcompat:appcompat:1.6.1] AndroidManifest.xml:17:1-22:12
MERGED from [com.firebaseui:firebase-ui-firestore:8.0.2] AndroidManifest.xml:2:1-11:12
MERGED from [com.google.firebase:firebase-auth:22.0.0] AndroidManifest.xml:17:1-75:12
MERGED from [androidx.viewpager2:viewpager2:1.0.0] AndroidManifest.xml:17:1-24:12
MERGED from [com.google.firebase:firebase-firestore:24.6.0] AndroidManifest.xml:2:1-25:12
MERGED from [com.google.firebase:firebase-database:20.2.1] AndroidManifest.xml:15:1-37:12
MERGED from [com.google.firebase:firebase-analytics-ktx:21.2.2] AndroidManifest.xml:2:1-17:12
MERGED from [com.google.firebase:firebase-common-ktx:20.3.2] AndroidManifest.xml:2:1-20:12
MERGED from [com.google.firebase:firebase-auth-interop:20.0.0] AndroidManifest.xml:2:1-10:12
MERGED from [com.google.firebase:firebase-analytics:21.2.2] AndroidManifest.xml:2:1-9:12
MERGED from [com.google.android.gms:play-services-measurement-api:21.2.2] AndroidManifest.xml:17:1-37:12
MERGED from [com.google.firebase:firebase-installations:17.1.3] AndroidManifest.xml:2:1-23:12
MERGED from [com.google.firebase:firebase-common:20.3.2] AndroidManifest.xml:15:1-39:12
MERGED from [com.google.android.gms:play-services-auth-api-phone:17.4.0] AndroidManifest.xml:2:1-7:12
MERGED from [com.google.android.recaptcha:recaptcha:18.1.2] AndroidManifest.xml:2:1-10:12
MERGED from [com.google.android.play:integrity:1.1.0] AndroidManifest.xml:2:1-7:12
MERGED from [com.google.firebase:firebase-appcheck-interop:17.0.0] AndroidManifest.xml:15:1-25:12
MERGED from [com.google.firebase:firebase-database-collection:18.0.1] AndroidManifest.xml:2:1-9:12
MERGED from [com.google.android.gms:play-services-base:18.1.0] AndroidManifest.xml:16:1-24:12
MERGED from [androidx.paging:paging-rxjava3:3.0.0] AndroidManifest.xml:17:1-24:12
MERGED from [com.google.firebase:firebase-installations-interop:17.1.0] AndroidManifest.xml:15:1-22:12
MERGED from [com.google.android.gms:play-services-tasks:18.0.2] AndroidManifest.xml:2:1-6:12
MERGED from [com.google.android.gms:play-services-measurement:21.2.2] AndroidManifest.xml:17:1-46:12
MERGED from [com.google.android.gms:play-services-measurement-sdk:21.2.2] AndroidManifest.xml:17:1-25:12
MERGED from [com.google.android.gms:play-services-measurement-impl:21.2.2] AndroidManifest.xml:17:1-32:12
MERGED from [com.google.android.gms:play-services-ads-identifier:18.0.0] AndroidManifest.xml:17:1-27:12
MERGED from [com.google.android.gms:play-services-measurement-sdk-api:21.2.2] AndroidManifest.xml:17:1-28:12
MERGED from [com.google.android.gms:play-services-measurement-base:21.2.2] AndroidManifest.xml:2:1-9:12
MERGED from [com.google.android.gms:play-services-stats:17.0.2] AndroidManifest.xml:2:1-9:12
MERGED from [com.google.firebase:firebase-measurement-connector:19.0.0] AndroidManifest.xml:17:1-25:12
MERGED from [com.google.android.gms:play-services-basement:18.1.0] AndroidManifest.xml:16:1-26:12
MERGED from [androidx.legacy:legacy-support-v4:1.0.0] AndroidManifest.xml:17:1-22:12
MERGED from [androidx.navigation:navigation-fragment-ktx:2.5.3] AndroidManifest.xml:17:1-24:12
MERGED from [androidx.navigation:navigation-fragment:2.5.3] AndroidManifest.xml:17:1-24:12
MERGED from [androidx.fragment:fragment-ktx:1.5.4] AndroidManifest.xml:17:1-24:12
MERGED from [androidx.fragment:fragment:1.5.4] AndroidManifest.xml:17:1-24:12
MERGED from [androidx.navigation:navigation-runtime-ktx:2.5.3] AndroidManifest.xml:17:1-24:12
MERGED from [androidx.navigation:navigation-runtime:2.5.3] AndroidManifest.xml:17:1-24:12
MERGED from [androidx.activity:activity-ktx:1.6.0] AndroidManifest.xml:17:1-22:12
MERGED from [androidx.activity:activity:1.6.0] AndroidManifest.xml:17:1-22:12
MERGED from [androidx.emoji2:emoji2-views-helper:1.2.0] AndroidManifest.xml:2:1-7:12
MERGED from [androidx.emoji2:emoji2:1.2.0] AndroidManifest.xml:17:1-35:12
MERGED from [androidx.legacy:legacy-support-core-ui:1.0.0] AndroidManifest.xml:17:1-22:12
MERGED from [androidx.drawerlayout:drawerlayout:1.1.1] AndroidManifest.xml:17:1-24:12
MERGED from [androidx.coordinatorlayout:coordinatorlayout:1.1.0] AndroidManifest.xml:17:1-24:12
MERGED from [androidx.dynamicanimation:dynamicanimation:1.0.0] AndroidManifest.xml:17:1-22:12
MERGED from [androidx.vectordrawable:vectordrawable-animated:1.1.0] AndroidManifest.xml:17:1-24:12
MERGED from [androidx.vectordrawable:vectordrawable:1.1.0] AndroidManifest.xml:17:1-24:12
MERGED from [androidx.browser:browser:1.4.0] AndroidManifest.xml:17:1-24:12
MERGED from [androidx.recyclerview:recyclerview:1.2.1] AndroidManifest.xml:17:1-24:12
MERGED from [androidx.navigation:navigation-common-ktx:2.5.3] AndroidManifest.xml:17:1-24:12
MERGED from [androidx.navigation:navigation-common:2.5.3] AndroidManifest.xml:17:1-24:12
MERGED from [androidx.savedstate:savedstate-ktx:1.2.1] AndroidManifest.xml:17:1-22:12
MERGED from [androidx.savedstate:savedstate:1.2.1] AndroidManifest.xml:17:1-22:12
MERGED from [androidx.lifecycle:lifecycle-runtime-ktx:2.6.1] AndroidManifest.xml:17:1-22:12
MERGED from [androidx.lifecycle:lifecycle-livedata-core:2.6.1] AndroidManifest.xml:17:1-22:12
MERGED from [androidx.lifecycle:lifecycle-process:2.6.1] AndroidManifest.xml:17:1-35:12
MERGED from [androidx.lifecycle:lifecycle-livedata-core-ktx:2.6.1] AndroidManifest.xml:17:1-22:12
MERGED from [androidx.legacy:legacy-support-core-utils:1.0.0] AndroidManifest.xml:17:1-22:12
MERGED from [androidx.loader:loader:1.0.0] AndroidManifest.xml:17:1-22:12
MERGED from [androidx.lifecycle:lifecycle-livedata:2.6.1] AndroidManifest.xml:17:1-22:12
MERGED from [com.firebaseui:firebase-ui-common:8.0.2] AndroidManifest.xml:2:1-9:12
MERGED from [androidx.lifecycle:lifecycle-viewmodel:2.6.1] AndroidManifest.xml:17:1-22:12
MERGED from [androidx.lifecycle:lifecycle-viewmodel-savedstate:2.6.1] AndroidManifest.xml:17:1-22:12
MERGED from [androidx.core:core-ktx:1.9.0] AndroidManifest.xml:2:1-7:12
MERGED from [androidx.slidingpanelayout:slidingpanelayout:1.2.0] AndroidManifest.xml:17:1-24:12
MERGED from [androidx.viewpager:viewpager:1.0.0] AndroidManifest.xml:17:1-22:12
MERGED from [androidx.customview:customview:1.1.0] AndroidManifest.xml:17:1-24:12
MERGED from [androidx.media:media:1.0.0] AndroidManifest.xml:17:1-22:12
MERGED from [androidx.transition:transition:1.4.1] AndroidManifest.xml:17:1-24:12
MERGED from [androidx.window:window:1.0.0] AndroidManifest.xml:17:1-33:12
MERGED from [androidx.swiperefreshlayout:swiperefreshlayout:1.0.0] AndroidManifest.xml:17:1-22:12
MERGED from [androidx.asynclayoutinflater:asynclayoutinflater:1.0.0] AndroidManifest.xml:17:1-22:12
MERGED from [androidx.core:core:1.9.0] AndroidManifest.xml:17:1-30:12
MERGED from [androidx.lifecycle:lifecycle-runtime:2.6.1] AndroidManifest.xml:2:1-7:12
MERGED from [androidx.lifecycle:lifecycle-livedata-ktx:2.6.1] AndroidManifest.xml:17:1-22:12
MERGED from [androidx.lifecycle:lifecycle-viewmodel-ktx:2.6.1] AndroidManifest.xml:17:1-22:12
MERGED from [androidx.cursoradapter:cursoradapter:1.0.0] AndroidManifest.xml:17:1-22:12
MERGED from [androidx.cardview:cardview:1.0.0] AndroidManifest.xml:17:1-22:12
MERGED from [com.google.firebase:firebase-components:17.1.0] AndroidManifest.xml:15:1-22:12
MERGED from [androidx.localbroadcastmanager:localbroadcastmanager:1.0.0] AndroidManifest.xml:17:1-22:12
MERGED from [androidx.versionedparcelable:versionedparcelable:1.1.1] AndroidManifest.xml:17:1-27:12
MERGED from [androidx.profileinstaller:profileinstaller:1.3.0] AndroidManifest.xml:17:1-55:12
MERGED from [androidx.startup:startup-runtime:1.1.1] AndroidManifest.xml:17:1-33:12
MERGED from [androidx.tracing:tracing:1.0.0] AndroidManifest.xml:17:1-24:12
MERGED from [androidx.arch.core:core-runtime:2.2.0] AndroidManifest.xml:17:1-22:12
MERGED from [androidx.interpolator:interpolator:1.0.0] AndroidManifest.xml:17:1-22:12
MERGED from [androidx.documentfile:documentfile:1.0.0] AndroidManifest.xml:17:1-22:12
MERGED from [androidx.print:print:1.0.0] AndroidManifest.xml:17:1-22:12
MERGED from [androidx.annotation:annotation-experimental:1.3.0] AndroidManifest.xml:17:1-22:12
MERGED from [com.google.firebase:protolite-well-known-types:18.0.0] AndroidManifest.xml:2:1-11:12
MERGED from [io.grpc:grpc-android:1.52.1] AndroidManifest.xml:2:1-11:12
INJECTED from src\main\AndroidManifest.xml:2:1-51:12
INJECTED from src\main\AndroidManifest.xml:2:1-51:12
INJECTED from src\main\AndroidManifest.xml:2:1-51:12
	package
		INJECTED from src\main\AndroidManifest.xml
		ADDED from src\main\AndroidManifest.xml:2:1-51:12
		INJECTED from src\main\AndroidManifest.xml
	android:versionName
		INJECTED from src\main\AndroidManifest.xml
		ADDED from src\main\AndroidManifest.xml:2:1-51:12
		INJECTED from src\main\AndroidManifest.xml
	xmlns:tools
		ADDED from src\main\AndroidManifest.xml:3:5-51
	android:versionCode
		INJECTED from src\main\AndroidManifest.xml
		ADDED from src\main\AndroidManifest.xml:2:1-51:12
		INJECTED from src\main\AndroidManifest.xml
	xmlns:android
		ADDED from src\main\AndroidManifest.xml:2:11-69
application
ADDED from src\main\AndroidManifest.xml:5:5-49:19
MERGED from [com.google.android.material:material:1.5.0] AndroidManifest.xml:22:5-20
MERGED from [com.google.android.material:material:1.5.0] AndroidManifest.xml:22:5-20
MERGED from [androidx.constraintlayout:constraintlayout:2.1.4] AndroidManifest.xml:9:5-20
MERGED from [androidx.constraintlayout:constraintlayout:2.1.4] AndroidManifest.xml:9:5-20
MERGED from [com.google.firebase:firebase-auth:22.0.0] AndroidManifest.xml:28:5-73:19
MERGED from [com.google.firebase:firebase-auth:22.0.0] AndroidManifest.xml:28:5-73:19
MERGED from [com.google.firebase:firebase-firestore:24.6.0] AndroidManifest.xml:15:5-23:19
MERGED from [com.google.firebase:firebase-firestore:24.6.0] AndroidManifest.xml:15:5-23:19
MERGED from [com.google.firebase:firebase-database:20.2.1] AndroidManifest.xml:27:5-35:19
MERGED from [com.google.firebase:firebase-database:20.2.1] AndroidManifest.xml:27:5-35:19
MERGED from [com.google.firebase:firebase-analytics-ktx:21.2.2] AndroidManifest.xml:7:5-15:19
MERGED from [com.google.firebase:firebase-analytics-ktx:21.2.2] AndroidManifest.xml:7:5-15:19
MERGED from [com.google.firebase:firebase-common-ktx:20.3.2] AndroidManifest.xml:10:5-18:19
MERGED from [com.google.firebase:firebase-common-ktx:20.3.2] AndroidManifest.xml:10:5-18:19
MERGED from [com.google.firebase:firebase-auth-interop:20.0.0] AndroidManifest.xml:7:5-8:19
MERGED from [com.google.firebase:firebase-auth-interop:20.0.0] AndroidManifest.xml:7:5-8:19
MERGED from [com.google.firebase:firebase-analytics:21.2.2] AndroidManifest.xml:7:5-20
MERGED from [com.google.firebase:firebase-analytics:21.2.2] AndroidManifest.xml:7:5-20
MERGED from [com.google.android.gms:play-services-measurement-api:21.2.2] AndroidManifest.xml:27:5-35:19
MERGED from [com.google.android.gms:play-services-measurement-api:21.2.2] AndroidManifest.xml:27:5-35:19
MERGED from [com.google.firebase:firebase-installations:17.1.3] AndroidManifest.xml:13:5-21:19
MERGED from [com.google.firebase:firebase-installations:17.1.3] AndroidManifest.xml:13:5-21:19
MERGED from [com.google.firebase:firebase-common:20.3.2] AndroidManifest.xml:24:5-37:19
MERGED from [com.google.firebase:firebase-common:20.3.2] AndroidManifest.xml:24:5-37:19
MERGED from [com.google.android.play:integrity:1.1.0] AndroidManifest.xml:5:5-6:19
MERGED from [com.google.android.play:integrity:1.1.0] AndroidManifest.xml:5:5-6:19
MERGED from [com.google.firebase:firebase-appcheck-interop:17.0.0] AndroidManifest.xml:23:5-20
MERGED from [com.google.firebase:firebase-appcheck-interop:17.0.0] AndroidManifest.xml:23:5-20
MERGED from [com.google.android.gms:play-services-base:18.1.0] AndroidManifest.xml:19:5-23:19
MERGED from [com.google.android.gms:play-services-base:18.1.0] AndroidManifest.xml:19:5-23:19
MERGED from [com.google.android.gms:play-services-tasks:18.0.2] AndroidManifest.xml:5:5-20
MERGED from [com.google.android.gms:play-services-tasks:18.0.2] AndroidManifest.xml:5:5-20
MERGED from [com.google.android.gms:play-services-measurement:21.2.2] AndroidManifest.xml:28:5-44:19
MERGED from [com.google.android.gms:play-services-measurement:21.2.2] AndroidManifest.xml:28:5-44:19
MERGED from [com.google.android.gms:play-services-measurement-sdk:21.2.2] AndroidManifest.xml:22:5-23:19
MERGED from [com.google.android.gms:play-services-measurement-sdk:21.2.2] AndroidManifest.xml:22:5-23:19
MERGED from [com.google.android.gms:play-services-measurement-impl:21.2.2] AndroidManifest.xml:29:5-30:19
MERGED from [com.google.android.gms:play-services-measurement-impl:21.2.2] AndroidManifest.xml:29:5-30:19
MERGED from [com.google.android.gms:play-services-ads-identifier:18.0.0] AndroidManifest.xml:25:5-20
MERGED from [com.google.android.gms:play-services-ads-identifier:18.0.0] AndroidManifest.xml:25:5-20
MERGED from [com.google.android.gms:play-services-measurement-base:21.2.2] AndroidManifest.xml:7:5-20
MERGED from [com.google.android.gms:play-services-measurement-base:21.2.2] AndroidManifest.xml:7:5-20
MERGED from [com.google.android.gms:play-services-stats:17.0.2] AndroidManifest.xml:7:5-20
MERGED from [com.google.android.gms:play-services-stats:17.0.2] AndroidManifest.xml:7:5-20
MERGED from [com.google.firebase:firebase-measurement-connector:19.0.0] AndroidManifest.xml:22:5-23:19
MERGED from [com.google.firebase:firebase-measurement-connector:19.0.0] AndroidManifest.xml:22:5-23:19
MERGED from [com.google.android.gms:play-services-basement:18.1.0] AndroidManifest.xml:20:5-24:19
MERGED from [com.google.android.gms:play-services-basement:18.1.0] AndroidManifest.xml:20:5-24:19
MERGED from [androidx.emoji2:emoji2:1.2.0] AndroidManifest.xml:23:5-33:19
MERGED from [androidx.emoji2:emoji2:1.2.0] AndroidManifest.xml:23:5-33:19
MERGED from [androidx.lifecycle:lifecycle-process:2.6.1] AndroidManifest.xml:23:5-33:19
MERGED from [androidx.lifecycle:lifecycle-process:2.6.1] AndroidManifest.xml:23:5-33:19
MERGED from [androidx.window:window:1.0.0] AndroidManifest.xml:24:5-31:19
MERGED from [androidx.window:window:1.0.0] AndroidManifest.xml:24:5-31:19
MERGED from [androidx.core:core:1.9.0] AndroidManifest.xml:28:5-89
MERGED from [androidx.core:core:1.9.0] AndroidManifest.xml:28:5-89
MERGED from [androidx.versionedparcelable:versionedparcelable:1.1.1] AndroidManifest.xml:24:5-25:19
MERGED from [androidx.versionedparcelable:versionedparcelable:1.1.1] AndroidManifest.xml:24:5-25:19
MERGED from [androidx.profileinstaller:profileinstaller:1.3.0] AndroidManifest.xml:23:5-53:19
MERGED from [androidx.profileinstaller:profileinstaller:1.3.0] AndroidManifest.xml:23:5-53:19
MERGED from [androidx.startup:startup-runtime:1.1.1] AndroidManifest.xml:25:5-31:19
MERGED from [androidx.startup:startup-runtime:1.1.1] AndroidManifest.xml:25:5-31:19
	android:appComponentFactory
		ADDED from [androidx.core:core:1.9.0] AndroidManifest.xml:28:18-86
	android:supportsRtl
		ADDED from src\main\AndroidManifest.xml:12:9-35
	android:label
		ADDED from src\main\AndroidManifest.xml:10:9-41
	android:fullBackupContent
		ADDED from src\main\AndroidManifest.xml:8:9-54
	android:roundIcon
		ADDED from src\main\AndroidManifest.xml:11:9-54
	tools:targetApi
		ADDED from src\main\AndroidManifest.xml:14:9-29
	android:icon
		ADDED from src\main\AndroidManifest.xml:9:9-43
	android:allowBackup
		ADDED from src\main\AndroidManifest.xml:6:9-35
	android:theme
		ADDED from src\main\AndroidManifest.xml:13:9-52
	android:dataExtractionRules
		ADDED from src\main\AndroidManifest.xml:7:9-65
activity#com.example.myapplication2.StageData
ADDED from src\main\AndroidManifest.xml:15:9-17:40
	android:exported
		ADDED from src\main\AndroidManifest.xml:17:13-37
	android:name
		ADDED from src\main\AndroidManifest.xml:16:13-38
activity#com.example.myapplication2.DataDetails
ADDED from src\main\AndroidManifest.xml:18:9-20:40
	android:exported
		ADDED from src\main\AndroidManifest.xml:20:13-37
	android:name
		ADDED from src\main\AndroidManifest.xml:19:13-40
activity#com.example.myapplication2.ZametkiDetails
ADDED from src\main\AndroidManifest.xml:21:9-23:40
	android:exported
		ADDED from src\main\AndroidManifest.xml:23:13-37
	android:name
		ADDED from src\main\AndroidManifest.xml:22:13-43
activity#com.example.myapplication2.PlantsPage
ADDED from src\main\AndroidManifest.xml:24:9-26:40
	android:exported
		ADDED from src\main\AndroidManifest.xml:26:13-37
	android:name
		ADDED from src\main\AndroidManifest.xml:25:13-39
activity#com.example.myapplication2.PageActivity
ADDED from src\main\AndroidManifest.xml:27:9-29:40
	android:exported
		ADDED from src\main\AndroidManifest.xml:29:13-37
	android:name
		ADDED from src\main\AndroidManifest.xml:28:13-41
activity#com.example.myapplication2.RegisterActivity
ADDED from src\main\AndroidManifest.xml:30:9-32:40
	android:exported
		ADDED from src\main\AndroidManifest.xml:32:13-37
	android:name
		ADDED from src\main\AndroidManifest.xml:31:13-45
activity#com.example.myapplication2.MainActivity
ADDED from src\main\AndroidManifest.xml:33:9-41:20
	android:exported
		ADDED from src\main\AndroidManifest.xml:35:13-36
	android:name
		ADDED from src\main\AndroidManifest.xml:34:13-41
intent-filter#action:name:android.intent.action.MAIN+category:name:android.intent.category.LAUNCHER
ADDED from src\main\AndroidManifest.xml:36:13-40:29
action#android.intent.action.MAIN
ADDED from src\main\AndroidManifest.xml:37:17-69
	android:name
		ADDED from src\main\AndroidManifest.xml:37:25-66
category#android.intent.category.LAUNCHER
ADDED from src\main\AndroidManifest.xml:39:17-77
	android:name
		ADDED from src\main\AndroidManifest.xml:39:27-74
activity#com.example.myapplication2.ZametkiActivity
ADDED from src\main\AndroidManifest.xml:42:9-44:40
	android:exported
		ADDED from src\main\AndroidManifest.xml:44:13-37
	android:name
		ADDED from src\main\AndroidManifest.xml:43:13-44
meta-data#preloaded_fonts
ADDED from src\main\AndroidManifest.xml:46:9-48:57
	android:resource
		ADDED from src\main\AndroidManifest.xml:48:13-54
	android:name
		ADDED from src\main\AndroidManifest.xml:47:13-43
uses-sdk
INJECTED from src\main\AndroidManifest.xml reason: use-sdk injection requested
INJECTED from src\main\AndroidManifest.xml
INJECTED from src\main\AndroidManifest.xml
MERGED from [androidx.databinding:viewbinding:8.0.1] AndroidManifest.xml:5:5-44
MERGED from [androidx.databinding:viewbinding:8.0.1] AndroidManifest.xml:5:5-44
MERGED from [androidx.navigation:navigation-ui-ktx:2.5.3] AndroidManifest.xml:20:5-22:41
MERGED from [androidx.navigation:navigation-ui-ktx:2.5.3] AndroidManifest.xml:20:5-22:41
MERGED from [androidx.navigation:navigation-ui:2.5.3] AndroidManifest.xml:20:5-22:41
MERGED from [androidx.navigation:navigation-ui:2.5.3] AndroidManifest.xml:20:5-22:41
MERGED from [com.google.android.material:material:1.5.0] AndroidManifest.xml:20:5-44
MERGED from [com.google.android.material:material:1.5.0] AndroidManifest.xml:20:5-44
MERGED from [androidx.constraintlayout:constraintlayout:2.1.4] AndroidManifest.xml:5:5-7:41
MERGED from [androidx.constraintlayout:constraintlayout:2.1.4] AndroidManifest.xml:5:5-7:41
MERGED from [androidx.appcompat:appcompat-resources:1.6.1] AndroidManifest.xml:20:5-44
MERGED from [androidx.appcompat:appcompat-resources:1.6.1] AndroidManifest.xml:20:5-44
MERGED from [androidx.appcompat:appcompat:1.6.1] AndroidManifest.xml:20:5-44
MERGED from [androidx.appcompat:appcompat:1.6.1] AndroidManifest.xml:20:5-44
MERGED from [com.firebaseui:firebase-ui-firestore:8.0.2] AndroidManifest.xml:5:5-7:41
MERGED from [com.firebaseui:firebase-ui-firestore:8.0.2] AndroidManifest.xml:5:5-7:41
MERGED from [com.google.firebase:firebase-auth:22.0.0] AndroidManifest.xml:21:5-23:64
MERGED from [com.google.firebase:firebase-auth:22.0.0] AndroidManifest.xml:21:5-23:64
MERGED from [androidx.viewpager2:viewpager2:1.0.0] AndroidManifest.xml:20:5-22:41
MERGED from [androidx.viewpager2:viewpager2:1.0.0] AndroidManifest.xml:20:5-22:41
MERGED from [com.google.firebase:firebase-firestore:24.6.0] AndroidManifest.xml:6:5-8:41
MERGED from [com.google.firebase:firebase-firestore:24.6.0] AndroidManifest.xml:6:5-8:41
MERGED from [com.google.firebase:firebase-database:20.2.1] AndroidManifest.xml:18:5-20:41
MERGED from [com.google.firebase:firebase-database:20.2.1] AndroidManifest.xml:18:5-20:41
MERGED from [com.google.firebase:firebase-analytics-ktx:21.2.2] AndroidManifest.xml:5:5-44
MERGED from [com.google.firebase:firebase-analytics-ktx:21.2.2] AndroidManifest.xml:5:5-44
MERGED from [com.google.firebase:firebase-common-ktx:20.3.2] AndroidManifest.xml:5:5-7:41
MERGED from [com.google.firebase:firebase-common-ktx:20.3.2] AndroidManifest.xml:5:5-7:41
MERGED from [com.google.firebase:firebase-auth-interop:20.0.0] AndroidManifest.xml:5:5-44
MERGED from [com.google.firebase:firebase-auth-interop:20.0.0] AndroidManifest.xml:5:5-44
MERGED from [com.google.firebase:firebase-analytics:21.2.2] AndroidManifest.xml:5:5-44
MERGED from [com.google.firebase:firebase-analytics:21.2.2] AndroidManifest.xml:5:5-44
MERGED from [com.google.android.gms:play-services-measurement-api:21.2.2] AndroidManifest.xml:20:5-44
MERGED from [com.google.android.gms:play-services-measurement-api:21.2.2] AndroidManifest.xml:20:5-44
MERGED from [com.google.firebase:firebase-installations:17.1.3] AndroidManifest.xml:5:5-7:41
MERGED from [com.google.firebase:firebase-installations:17.1.3] AndroidManifest.xml:5:5-7:41
MERGED from [com.google.firebase:firebase-common:20.3.2] AndroidManifest.xml:19:5-21:41
MERGED from [com.google.firebase:firebase-common:20.3.2] AndroidManifest.xml:19:5-21:41
MERGED from [com.google.android.gms:play-services-auth-api-phone:17.4.0] AndroidManifest.xml:5:5-44
MERGED from [com.google.android.gms:play-services-auth-api-phone:17.4.0] AndroidManifest.xml:5:5-44
MERGED from [com.google.android.recaptcha:recaptcha:18.1.2] AndroidManifest.xml:5:5-44
MERGED from [com.google.android.recaptcha:recaptcha:18.1.2] AndroidManifest.xml:5:5-44
MERGED from [com.google.android.play:integrity:1.1.0] AndroidManifest.xml:4:5-44
MERGED from [com.google.android.play:integrity:1.1.0] AndroidManifest.xml:4:5-44
MERGED from [com.google.firebase:firebase-appcheck-interop:17.0.0] AndroidManifest.xml:18:5-20:41
MERGED from [com.google.firebase:firebase-appcheck-interop:17.0.0] AndroidManifest.xml:18:5-20:41
MERGED from [com.google.firebase:firebase-database-collection:18.0.1] AndroidManifest.xml:5:5-7:41
MERGED from [com.google.firebase:firebase-database-collection:18.0.1] AndroidManifest.xml:5:5-7:41
MERGED from [com.google.android.gms:play-services-base:18.1.0] AndroidManifest.xml:18:5-43
MERGED from [com.google.android.gms:play-services-base:18.1.0] AndroidManifest.xml:18:5-43
MERGED from [androidx.paging:paging-rxjava3:3.0.0] AndroidManifest.xml:20:5-22:41
MERGED from [androidx.paging:paging-rxjava3:3.0.0] AndroidManifest.xml:20:5-22:41
MERGED from [com.google.firebase:firebase-installations-interop:17.1.0] AndroidManifest.xml:18:5-20:41
MERGED from [com.google.firebase:firebase-installations-interop:17.1.0] AndroidManifest.xml:18:5-20:41
MERGED from [com.google.android.gms:play-services-tasks:18.0.2] AndroidManifest.xml:4:5-43
MERGED from [com.google.android.gms:play-services-tasks:18.0.2] AndroidManifest.xml:4:5-43
MERGED from [com.google.android.gms:play-services-measurement:21.2.2] AndroidManifest.xml:20:5-44
MERGED from [com.google.android.gms:play-services-measurement:21.2.2] AndroidManifest.xml:20:5-44
MERGED from [com.google.android.gms:play-services-measurement-sdk:21.2.2] AndroidManifest.xml:20:5-44
MERGED from [com.google.android.gms:play-services-measurement-sdk:21.2.2] AndroidManifest.xml:20:5-44
MERGED from [com.google.android.gms:play-services-measurement-impl:21.2.2] AndroidManifest.xml:20:5-44
MERGED from [com.google.android.gms:play-services-measurement-impl:21.2.2] AndroidManifest.xml:20:5-44
MERGED from [com.google.android.gms:play-services-ads-identifier:18.0.0] AndroidManifest.xml:20:5-44
MERGED from [com.google.android.gms:play-services-ads-identifier:18.0.0] AndroidManifest.xml:20:5-44
MERGED from [com.google.android.gms:play-services-measurement-sdk-api:21.2.2] AndroidManifest.xml:20:5-44
MERGED from [com.google.android.gms:play-services-measurement-sdk-api:21.2.2] AndroidManifest.xml:20:5-44
MERGED from [com.google.android.gms:play-services-measurement-base:21.2.2] AndroidManifest.xml:5:5-44
MERGED from [com.google.android.gms:play-services-measurement-base:21.2.2] AndroidManifest.xml:5:5-44
MERGED from [com.google.android.gms:play-services-stats:17.0.2] AndroidManifest.xml:5:5-44
MERGED from [com.google.android.gms:play-services-stats:17.0.2] AndroidManifest.xml:5:5-44
MERGED from [com.google.firebase:firebase-measurement-connector:19.0.0] AndroidManifest.xml:20:5-44
MERGED from [com.google.firebase:firebase-measurement-connector:19.0.0] AndroidManifest.xml:20:5-44
MERGED from [com.google.android.gms:play-services-basement:18.1.0] AndroidManifest.xml:18:5-43
MERGED from [com.google.android.gms:play-services-basement:18.1.0] AndroidManifest.xml:18:5-43
MERGED from [androidx.legacy:legacy-support-v4:1.0.0] AndroidManifest.xml:20:5-44
MERGED from [androidx.legacy:legacy-support-v4:1.0.0] AndroidManifest.xml:20:5-44
MERGED from [androidx.navigation:navigation-fragment-ktx:2.5.3] AndroidManifest.xml:20:5-22:41
MERGED from [androidx.navigation:navigation-fragment-ktx:2.5.3] AndroidManifest.xml:20:5-22:41
MERGED from [androidx.navigation:navigation-fragment:2.5.3] AndroidManifest.xml:20:5-22:41
MERGED from [androidx.navigation:navigation-fragment:2.5.3] AndroidManifest.xml:20:5-22:41
MERGED from [androidx.fragment:fragment-ktx:1.5.4] AndroidManifest.xml:20:5-22:41
MERGED from [androidx.fragment:fragment-ktx:1.5.4] AndroidManifest.xml:20:5-22:41
MERGED from [androidx.fragment:fragment:1.5.4] AndroidManifest.xml:20:5-22:41
MERGED from [androidx.fragment:fragment:1.5.4] AndroidManifest.xml:20:5-22:41
MERGED from [androidx.navigation:navigation-runtime-ktx:2.5.3] AndroidManifest.xml:20:5-22:41
MERGED from [androidx.navigation:navigation-runtime-ktx:2.5.3] AndroidManifest.xml:20:5-22:41
MERGED from [androidx.navigation:navigation-runtime:2.5.3] AndroidManifest.xml:20:5-22:41
MERGED from [androidx.navigation:navigation-runtime:2.5.3] AndroidManifest.xml:20:5-22:41
MERGED from [androidx.activity:activity-ktx:1.6.0] AndroidManifest.xml:20:5-44
MERGED from [androidx.activity:activity-ktx:1.6.0] AndroidManifest.xml:20:5-44
MERGED from [androidx.activity:activity:1.6.0] AndroidManifest.xml:20:5-44
MERGED from [androidx.activity:activity:1.6.0] AndroidManifest.xml:20:5-44
MERGED from [androidx.emoji2:emoji2-views-helper:1.2.0] AndroidManifest.xml:5:5-44
MERGED from [androidx.emoji2:emoji2-views-helper:1.2.0] AndroidManifest.xml:5:5-44
MERGED from [androidx.emoji2:emoji2:1.2.0] AndroidManifest.xml:21:5-44
MERGED from [androidx.emoji2:emoji2:1.2.0] AndroidManifest.xml:21:5-44
MERGED from [androidx.legacy:legacy-support-core-ui:1.0.0] AndroidManifest.xml:20:5-44
MERGED from [androidx.legacy:legacy-support-core-ui:1.0.0] AndroidManifest.xml:20:5-44
MERGED from [androidx.drawerlayout:drawerlayout:1.1.1] AndroidManifest.xml:20:5-22:41
MERGED from [androidx.drawerlayout:drawerlayout:1.1.1] AndroidManifest.xml:20:5-22:41
MERGED from [androidx.coordinatorlayout:coordinatorlayout:1.1.0] AndroidManifest.xml:20:5-22:41
MERGED from [androidx.coordinatorlayout:coordinatorlayout:1.1.0] AndroidManifest.xml:20:5-22:41
MERGED from [androidx.dynamicanimation:dynamicanimation:1.0.0] AndroidManifest.xml:20:5-44
MERGED from [androidx.dynamicanimation:dynamicanimation:1.0.0] AndroidManifest.xml:20:5-44
MERGED from [androidx.vectordrawable:vectordrawable-animated:1.1.0] AndroidManifest.xml:20:5-22:41
MERGED from [androidx.vectordrawable:vectordrawable-animated:1.1.0] AndroidManifest.xml:20:5-22:41
MERGED from [androidx.vectordrawable:vectordrawable:1.1.0] AndroidManifest.xml:20:5-22:41
MERGED from [androidx.vectordrawable:vectordrawable:1.1.0] AndroidManifest.xml:20:5-22:41
MERGED from [androidx.browser:browser:1.4.0] AndroidManifest.xml:20:5-22:41
MERGED from [androidx.browser:browser:1.4.0] AndroidManifest.xml:20:5-22:41
MERGED from [androidx.recyclerview:recyclerview:1.2.1] AndroidManifest.xml:20:5-22:41
MERGED from [androidx.recyclerview:recyclerview:1.2.1] AndroidManifest.xml:20:5-22:41
MERGED from [androidx.navigation:navigation-common-ktx:2.5.3] AndroidManifest.xml:20:5-22:41
MERGED from [androidx.navigation:navigation-common-ktx:2.5.3] AndroidManifest.xml:20:5-22:41
MERGED from [androidx.navigation:navigation-common:2.5.3] AndroidManifest.xml:20:5-22:41
MERGED from [androidx.navigation:navigation-common:2.5.3] AndroidManifest.xml:20:5-22:41
MERGED from [androidx.savedstate:savedstate-ktx:1.2.1] AndroidManifest.xml:20:5-44
MERGED from [androidx.savedstate:savedstate-ktx:1.2.1] AndroidManifest.xml:20:5-44
MERGED from [androidx.savedstate:savedstate:1.2.1] AndroidManifest.xml:20:5-44
MERGED from [androidx.savedstate:savedstate:1.2.1] AndroidManifest.xml:20:5-44
MERGED from [androidx.lifecycle:lifecycle-runtime-ktx:2.6.1] AndroidManifest.xml:20:5-44
MERGED from [androidx.lifecycle:lifecycle-runtime-ktx:2.6.1] AndroidManifest.xml:20:5-44
MERGED from [androidx.lifecycle:lifecycle-livedata-core:2.6.1] AndroidManifest.xml:20:5-44